program hanged (timeout 10 seconds)

SIGABRT: abort
PC=0x45aec1 m=0

goroutine 0 [idle]:
runtime.futex(0xc7dc90, 0x0, 0x0, 0x0, 0x0, 0x0, 0x0, 0x0, 0x7ffeeb89ebc0, 0x40ebd2, ...)
	/tmp/go-fuzz-build930124421/goroot/src/runtime/sys_linux_amd64.s:387 +0x21
runtime.futexsleep(0xc7dc90, 0x0, 0xffffffffffffffff)
	/tmp/go-fuzz-build930124421/goroot/src/runtime/os_linux.go:45 +0x62
runtime.notesleep(0xc7dc90)
	/tmp/go-fuzz-build930124421/goroot/src/runtime/lock_futex.go:145 +0x82
runtime.stopm()
	/tmp/go-fuzz-build930124421/goroot/src/runtime/proc.go:1594 +0xad
runtime.findrunnable(0xc420020000, 0x0)
	/tmp/go-fuzz-build930124421/goroot/src/runtime/proc.go:2021 +0x228
runtime.schedule()
	/tmp/go-fuzz-build930124421/goroot/src/runtime/proc.go:2120 +0x14c
runtime.park_m(0xc42008ba00)
	/tmp/go-fuzz-build930124421/goroot/src/runtime/proc.go:2183 +0x123
runtime.mcall(0x7ffeeb89ed60)
	/tmp/go-fuzz-build930124421/goroot/src/runtime/asm_amd64.s:240 +0x5b

goroutine 1 [semacquire]:
sync.runtime_notifyListWait(0xc42028aaf8, 0xc400000000)
	/tmp/go-fuzz-build930124421/goroot/src/runtime/sema.go:267 +0x122
sync.(*Cond).Wait(0xc42028aae8)
	/tmp/go-fuzz-build930124421/goroot/src/sync/cond.go:57 +0x80
io.(*pipe).write(0xc42028aa80, 0x7fdf815e2000, 0x454, 0x200000, 0x0, 0x0, 0x0)
	/tmp/go-fuzz-build930124421/goroot/src/io/pipe.go:89 +0x2b1
io.(*PipeWriter).Write(0xc420034810, 0x7fdf815e2000, 0x454, 0x200000, 0xc4201b3780, 0x42c41a, 0x40c80f)
	/tmp/go-fuzz-build930124421/goroot/src/io/pipe.go:156 +0x64
github.com/flashmob/go-guerrilla/mocks.End.Write(0xc420034818, 0xc420034810, 0x7fdf815e2000, 0x454, 0x200000, 0x4510f0, 0xc42008ba00, 0x4)
	/tmp/go-fuzz-build930124421/gopath/src/github.com/flashmob/go-guerrilla/mocks/conn_mock.go:45 +0x49
github.com/flashmob/go-guerrilla/mocks.(*End).Write(0xc4202897e0, 0x7fdf815e2000, 0x454, 0x200000, 0x0, 0xc4201b3820, 0x40e179)
	<autogenerated>:5 +0x79
bytes.(*Reader).WriteTo(0xc420139cb0, 0xc62580, 0xc4202897e0, 0xc4201b3898, 0x0, 0x0)
	/tmp/go-fuzz-build930124421/goroot/src/bytes/reader.go:134 +0x13f
io.copyBuffer(0xc62580, 0xc4202897e0, 0xc62040, 0xc420139cb0, 0x0, 0x0, 0x0, 0x839400, 0x1, 0xc420139cb0)
	/tmp/go-fuzz-build930124421/goroot/src/io/io.go:380 +0x636
io.Copy(0xc62580, 0xc4202897e0, 0xc62040, 0xc420139cb0, 0x400, 0x53, 0x0)
	/tmp/go-fuzz-build930124421/goroot/src/io/io.go:360 +0x80
github.com/flashmob/go-guerrilla.Fuzz(0x7fdf815e2000, 0x454, 0x200000, 0x0)
	/tmp/go-fuzz-build930124421/gopath/src/github.com/flashmob/go-guerrilla/fuzz.go:111 +0x543
go-fuzz-dep.Main(0x8b1e90)
	/tmp/go-fuzz-build930124421/goroot/src/go-fuzz-dep/main.go:49 +0xe8
main.main()
	/tmp/go-fuzz-build930124421/gopath/src/github.com/flashmob/go-guerrilla/go.fuzz.main/main.go:10 +0x2d

goroutine 17 [syscall, locked to thread]:
runtime.goexit()
	/tmp/go-fuzz-build930124421/goroot/src/runtime/asm_amd64.s:2086 +0x1

goroutine 18 [chan receive]:
github.com/flashmob/go-guerrilla/backends.(*AbstractBackend).saveMailWorker(0xc420012be8, 0xc4201602a0)
	/tmp/go-fuzz-build930124421/gopath/src/github.com/flashmob/go-guerrilla/backends/abstract.go:83 +0x98
github.com/flashmob/go-guerrilla/backends.(*AbstractBackend).saveMailWorker(0xc420012c00, 0xc4201602a0)
	/tmp/go-fuzz-build930124421/gopath/src/github.com/flashmob/go-guerrilla/backends/abstract.go:70 +0x376
github.com/flashmob/go-guerrilla/backends.(*BackendGateway).Initialize.func1(0xc420160240)
	/tmp/go-fuzz-build930124421/gopath/src/github.com/flashmob/go-guerrilla/backends/backend.go:208 +0x3d
created by github.com/flashmob/go-guerrilla/backends.(*BackendGateway).Initialize
	/tmp/go-fuzz-build930124421/gopath/src/github.com/flashmob/go-guerrilla/backends/backend.go:210 +0x138

goroutine 63 [semacquire]:
sync.runtime_notifyListWait(0xc42028abb8, 0xc400000001)
	/tmp/go-fuzz-build930124421/goroot/src/runtime/sema.go:267 +0x122
sync.(*Cond).Wait(0xc42028aba8)
	/tmp/go-fuzz-build930124421/goroot/src/sync/cond.go:57 +0x80
io.(*pipe).write(0xc42028ab40, 0xc42025e000, 0x20, 0x1000, 0x0, 0x0, 0x0)
	/tmp/go-fuzz-build930124421/goroot/src/io/pipe.go:89 +0x2b1
io.(*PipeWriter).Write(0xc420034820, 0xc42025e000, 0x20, 0x1000, 0x5, 0x2, 0x0)
	/tmp/go-fuzz-build930124421/goroot/src/io/pipe.go:156 +0x64
github.com/flashmob/go-guerrilla/mocks.End.Write(0xc420034808, 0xc420034820, 0xc42025e000, 0x20, 0x1000, 0xc420057770, 0xc420057770, 0x505ab9)
	/tmp/go-fuzz-build930124421/gopath/src/github.com/flashmob/go-guerrilla/mocks/conn_mock.go:45 +0x49
github.com/flashmob/go-guerrilla/mocks.(*End).Write(0xc4202897d0, 0xc42025e000, 0x20, 0x1000, 0xc420015a40, 0xc4200577b0, 0x45bf3e)
	<autogenerated>:5 +0x79
bufio.(*Writer).flush(0xc420015a00, 0x12a05f200, 0xc4200e8c38)
	/tmp/go-fuzz-build930124421/goroot/src/bufio/bufio.go:563 +0x148
bufio.(*Writer).Flush(0xc420015a00, 0x5, 0xc420146450)
	/tmp/go-fuzz-build930124421/goroot/src/bufio/bufio.go:552 +0x43
github.com/flashmob/go-guerrilla.(*server).flushResponse(0xc4201721c0, 0xc4200e8b40, 0x1, 0x1)
	/tmp/go-fuzz-build930124421/gopath/src/github.com/flashmob/go-guerrilla/server.go:276 +0x99
github.com/flashmob/go-guerrilla.(*server).handleClient(0xc4201721c0, 0xc4200e8b40)
	/tmp/go-fuzz-build930124421/gopath/src/github.com/flashmob/go-guerrilla/server.go:518 +0x96c
github.com/flashmob/go-guerrilla.Fuzz.func2(0xc4202897c0)
	/tmp/go-fuzz-build930124421/gopath/src/github.com/flashmob/go-guerrilla/fuzz.go:99 +0x39
created by github.com/flashmob/go-guerrilla.Fuzz
	/tmp/go-fuzz-build930124421/gopath/src/github.com/flashmob/go-guerrilla/fuzz.go:101 +0x429

rax    0xca
rbx    0xc7cf90
rcx    0x45aec3
rdx    0x0
rdi    0xc7dc90
rsi    0x0
rbp    0x7ffeeb89eb90
rsp    0x7ffeeb89eb48
r8     0x0
r9     0x0
r10    0x0
r11    0x286
r12    0x10
r13    0x1970
r14    0x198
r15    0x32
rip    0x45aec1
rflags 0x286
cs     0x33
fs     0x0
gs     0x0
exit status 2