panic: runtime error: invalid memory address or nil pointer dereference
[signal SIGSEGV: segmentation violation code=0x1 addr=0x8 pc=0x462dc1]

goroutine 14 [running]:
panic(0x818ac0, 0xc42000c100)
	/tmp/go-fuzz-build930124421/goroot/src/runtime/panic.go:500 +0x1a1
github.com/flashmob/go-guerrilla.(*server).handleClient(0xc42016a1c0, 0xc4200fa5a0)
	/tmp/go-fuzz-build930124421/gopath/src/github.com/flashmob/go-guerrilla/server.go:432 +0x2251
github.com/flashmob/go-guerrilla.Fuzz.func2(0xc42025e0b0)
	/tmp/go-fuzz-build930124421/gopath/src/github.com/flashmob/go-guerrilla/fuzz.go:99 +0x39
created by github.com/flashmob/go-guerrilla.Fuzz
	/tmp/go-fuzz-build930124421/gopath/src/github.com/flashmob/go-guerrilla/fuzz.go:101 +0x429

goroutine 1 [runnable]:
sync.runtime_notifyListWait(0xc4200b0c78, 0xc400000000)
	/tmp/go-fuzz-build930124421/goroot/src/runtime/sema.go:267 +0x122
sync.(*Cond).Wait(0xc4200b0c68)
	/tmp/go-fuzz-build930124421/goroot/src/sync/cond.go:57 +0x80
io.(*pipe).write(0xc4200b0c00, 0x7f451ed22000, 0x6, 0x200000, 0x0, 0x0, 0x0)
	/tmp/go-fuzz-build930124421/goroot/src/io/pipe.go:89 +0x2b1
io.(*PipeWriter).Write(0xc420034310, 0x7f451ed22000, 0x6, 0x200000, 0xc4201ab780, 0x42c41a, 0x40c80f)
	/tmp/go-fuzz-build930124421/goroot/src/io/pipe.go:156 +0x64
github.com/flashmob/go-guerrilla/mocks.End.Write(0xc420034318, 0xc420034310, 0x7f451ed22000, 0x6, 0x200000, 0x4510f0, 0xc420099520, 0x4)
	/tmp/go-fuzz-build930124421/gopath/src/github.com/flashmob/go-guerrilla/mocks/conn_mock.go:45 +0x49
github.com/flashmob/go-guerrilla/mocks.(*End).Write(0xc42025e0d0, 0x7f451ed22000, 0x6, 0x200000, 0x0, 0xc4201ab820, 0x40e179)
	<autogenerated>:5 +0x79
bytes.(*Reader).WriteTo(0xc420142780, 0xc62580, 0xc42025e0d0, 0xc4201ab898, 0x0, 0x0)
	/tmp/go-fuzz-build930124421/goroot/src/bytes/reader.go:134 +0x13f
io.copyBuffer(0xc62580, 0xc42025e0d0, 0xc62040, 0xc420142780, 0x0, 0x0, 0x0, 0x839400, 0x1, 0xc420142780)
	/tmp/go-fuzz-build930124421/goroot/src/io/io.go:380 +0x636
io.Copy(0xc62580, 0xc42025e0d0, 0xc62040, 0xc420142780, 0x400, 0x53, 0x0)
	/tmp/go-fuzz-build930124421/goroot/src/io/io.go:360 +0x80
github.com/flashmob/go-guerrilla.Fuzz(0x7f451ed22000, 0x6, 0x200000, 0x0)
	/tmp/go-fuzz-build930124421/gopath/src/github.com/flashmob/go-guerrilla/fuzz.go:111 +0x543
go-fuzz-dep.Main(0x8b1e90)
	/tmp/go-fuzz-build930124421/goroot/src/go-fuzz-dep/main.go:49 +0xe8
main.main()
	/tmp/go-fuzz-build930124421/gopath/src/github.com/flashmob/go-guerrilla/go.fuzz.main/main.go:10 +0x2d

goroutine 17 [syscall, locked to thread]:
runtime.goexit()
	/tmp/go-fuzz-build930124421/goroot/src/runtime/asm_amd64.s:2086 +0x1

goroutine 18 [chan receive]:
github.com/flashmob/go-guerrilla/backends.(*AbstractBackend).saveMailWorker(0xc420012be8, 0xc4201562a0)
	/tmp/go-fuzz-build930124421/gopath/src/github.com/flashmob/go-guerrilla/backends/abstract.go:83 +0x98
github.com/flashmob/go-guerrilla/backends.(*AbstractBackend).saveMailWorker(0xc420012c00, 0xc4201562a0)
	/tmp/go-fuzz-build930124421/gopath/src/github.com/flashmob/go-guerrilla/backends/abstract.go:70 +0x376
github.com/flashmob/go-guerrilla/backends.(*BackendGateway).Initialize.func1(0xc420156240)
	/tmp/go-fuzz-build930124421/gopath/src/github.com/flashmob/go-guerrilla/backends/backend.go:208 +0x3d
created by github.com/flashmob/go-guerrilla/backends.(*BackendGateway).Initialize
	/tmp/go-fuzz-build930124421/gopath/src/github.com/flashmob/go-guerrilla/backends/backend.go:210 +0x138
exit status 2